{
  "stats": {
    "suites": 1,
    "tests": 1,
    "passes": 1,
    "pending": 0,
    "failures": 0,
    "start": "2024-02-08T19:58:28.788Z",
    "end": "2024-02-08T19:59:00.176Z",
    "duration": 31388,
    "testsRegistered": 1,
    "passPercent": 100,
    "pendingPercent": 0,
    "other": 0,
    "hasOther": false,
    "skipped": 0,
    "hasSkipped": false
  },
  "results": [
    {
      "uuid": "3bba8733-4aaf-41a9-ac5e-2080e2557ccc",
      "title": "",
      "fullFile": "cypress\\e2e\\spec.cy.js",
      "file": "cypress\\e2e\\spec.cy.js",
      "beforeHooks": [],
      "afterHooks": [],
      "tests": [],
      "suites": [
        {
          "uuid": "0ff4c9f1-a5a2-48a7-ad37-b77035685fa6",
          "title": "first spec",
          "fullFile": "",
          "file": "",
          "beforeHooks": [],
          "afterHooks": [],
          "tests": [
            {
              "title": "passes",
              "fullTitle": "first spec passes",
              "timedOut": null,
              "duration": 28912,
              "state": "passed",
              "speed": "slow",
              "pass": true,
              "fail": false,
              "pending": false,
              "context": null,
              "code": "cy.visit('https://www.coppeldigital.com/');\ncy.get('.slick-current > :nth-child(1) > .contIMG').should('be.visible').click();\ncy.get('[aria-hidden=\"false\"]').first().click();\ncy.get('.imgContainer').first().click();\ncy.get('.cart-button > .addToCart').click();\n// cy.get('.gridMenu > :nth-child(1)').then( container =>{\n//   cy.wrap(container).find('.imgContainer').first().click()\n// })\n//cy.get(':nth-child(1) > .parent > .div1 > .imgContainer').first().click()\n//cy.get('.div1 img.imgContainer').first().click({force: true}).wait(20000)",
              "err": {},
              "uuid": "2c2bc9fd-8853-42ff-b90c-31db53834416",
              "parentUUID": "0ff4c9f1-a5a2-48a7-ad37-b77035685fa6",
              "isHook": false,
              "skipped": false
            }
          ],
          "suites": [],
          "passes": [
            "2c2bc9fd-8853-42ff-b90c-31db53834416"
          ],
          "failures": [],
          "pending": [],
          "skipped": [],
          "duration": 28912,
          "root": false,
          "rootEmpty": false,
          "_timeout": 2000
        }
      ],
      "passes": [],
      "failures": [],
      "pending": [],
      "skipped": [],
      "duration": 0,
      "root": true,
      "rootEmpty": true,
      "_timeout": 2000
    }
  ],
  "meta": {
    "mocha": {
      "version": "7.0.1"
    },
    "mochawesome": {
      "options": {
        "quiet": false,
        "reportFilename": "Coppel Digital",
        "saveHtml": true,
        "saveJson": true,
        "consoleReporter": "spec",
        "useInlineDiffs": false,
        "code": true
      },
      "version": "7.1.3"
    },
    "marge": {
      "options": {
        "charts": true,
        "reportPageTitle": "Coppel Digital",
        "embeddedScreenshots": true,
        "inlineAssets": true,
        "saveAllAttempts": false,
        "reportFilename": "Coppel Digital"
      },
      "version": "6.2.0"
    }
  }
}